2025-11-08 15:00:01,539 - INFO - Ingesting begin_inventory.csv into db
2025-11-08 15:00:04,336 - INFO - Ingesting end_inventory.csv into db
2025-11-08 15:00:07,397 - INFO - Ingesting purchases.csv into db
2025-11-08 15:00:07,397 - INFO - Starting chunked ingestion for data\purchases.csv
2025-11-08 15:00:09,629 - INFO - Inserted chunk 1 for purchases
2025-11-08 15:00:10,532 - INFO - Inserted chunk 2 for purchases
2025-11-08 15:00:11,371 - INFO - Inserted chunk 3 for purchases
2025-11-08 15:00:12,271 - INFO - Inserted chunk 4 for purchases
2025-11-08 15:00:13,101 - INFO - Inserted chunk 5 for purchases
2025-11-08 15:00:13,894 - INFO - Inserted chunk 6 for purchases
2025-11-08 15:00:14,704 - INFO - Inserted chunk 7 for purchases
2025-11-08 15:00:15,614 - INFO - Inserted chunk 8 for purchases
2025-11-08 15:00:16,424 - INFO - Inserted chunk 9 for purchases
2025-11-08 15:00:17,217 - INFO - Inserted chunk 10 for purchases
2025-11-08 15:00:18,123 - INFO - Inserted chunk 11 for purchases
2025-11-08 15:00:19,001 - INFO - Inserted chunk 12 for purchases
2025-11-08 15:00:19,835 - INFO - Inserted chunk 13 for purchases
2025-11-08 15:00:20,689 - INFO - Inserted chunk 14 for purchases
2025-11-08 15:00:21,535 - INFO - Inserted chunk 15 for purchases
2025-11-08 15:00:22,376 - INFO - Inserted chunk 16 for purchases
2025-11-08 15:00:23,196 - INFO - Inserted chunk 17 for purchases
2025-11-08 15:00:24,093 - INFO - Inserted chunk 18 for purchases
2025-11-08 15:00:24,935 - INFO - Inserted chunk 19 for purchases
2025-11-08 15:00:25,845 - INFO - Inserted chunk 20 for purchases
2025-11-08 15:00:26,797 - INFO - Inserted chunk 21 for purchases
2025-11-08 15:00:27,719 - INFO - Inserted chunk 22 for purchases
2025-11-08 15:00:28,553 - INFO - Inserted chunk 23 for purchases
2025-11-08 15:00:29,379 - INFO - Inserted chunk 24 for purchases
2025-11-08 15:00:30,420 - INFO - Inserted chunk 25 for purchases
2025-11-08 15:00:31,306 - INFO - Inserted chunk 26 for purchases
2025-11-08 15:00:32,166 - INFO - Inserted chunk 27 for purchases
2025-11-08 15:00:33,062 - INFO - Inserted chunk 28 for purchases
2025-11-08 15:00:33,947 - INFO - Inserted chunk 29 for purchases
2025-11-08 15:00:34,808 - INFO - Inserted chunk 30 for purchases
2025-11-08 15:00:35,652 - INFO - Inserted chunk 31 for purchases
2025-11-08 15:00:36,458 - INFO - Inserted chunk 32 for purchases
2025-11-08 15:00:37,418 - INFO - Inserted chunk 33 for purchases
2025-11-08 15:00:38,354 - INFO - Inserted chunk 34 for purchases
2025-11-08 15:00:39,253 - INFO - Inserted chunk 35 for purchases
2025-11-08 15:00:40,229 - INFO - Inserted chunk 36 for purchases
2025-11-08 15:00:41,069 - INFO - Inserted chunk 37 for purchases
2025-11-08 15:00:41,931 - INFO - Inserted chunk 38 for purchases
2025-11-08 15:00:42,825 - INFO - Inserted chunk 39 for purchases
2025-11-08 15:00:43,782 - INFO - Inserted chunk 40 for purchases
2025-11-08 15:00:44,759 - INFO - Inserted chunk 41 for purchases
2025-11-08 15:00:45,964 - INFO - Inserted chunk 42 for purchases
2025-11-08 15:00:47,214 - INFO - Inserted chunk 43 for purchases
2025-11-08 15:00:48,597 - INFO - Inserted chunk 44 for purchases
2025-11-08 15:00:49,957 - INFO - Inserted chunk 45 for purchases
2025-11-08 15:00:51,015 - INFO - Inserted chunk 46 for purchases
2025-11-08 15:00:52,041 - INFO - Inserted chunk 47 for purchases
2025-11-08 15:00:52,577 - INFO - Inserted chunk 48 for purchases
2025-11-08 15:00:52,577 - INFO - Completed ingestion for data\purchases.csv. Time taken: 0.75 minutes.
2025-11-08 15:00:52,578 - INFO - Ingesting purchase_prices.csv into db
2025-11-08 15:00:53,077 - INFO - Ingesting sales.csv into db
2025-11-08 15:00:53,077 - INFO - Starting chunked ingestion for data\sales.csv
2025-11-08 15:00:54,316 - INFO - Inserted chunk 1 for sales
2025-11-08 15:00:55,486 - INFO - Inserted chunk 2 for sales
2025-11-08 15:00:56,383 - INFO - Inserted chunk 3 for sales
2025-11-08 15:00:57,180 - INFO - Inserted chunk 4 for sales
2025-11-08 15:00:57,976 - INFO - Inserted chunk 5 for sales
2025-11-08 15:00:58,730 - INFO - Inserted chunk 6 for sales
2025-11-08 15:00:59,491 - INFO - Inserted chunk 7 for sales
2025-11-08 15:01:00,354 - INFO - Inserted chunk 8 for sales
2025-11-08 15:01:01,122 - INFO - Inserted chunk 9 for sales
2025-11-08 15:01:01,928 - INFO - Inserted chunk 10 for sales
2025-11-08 15:01:02,705 - INFO - Inserted chunk 11 for sales
2025-11-08 15:01:03,480 - INFO - Inserted chunk 12 for sales
2025-11-08 15:01:04,302 - INFO - Inserted chunk 13 for sales
2025-11-08 15:01:05,184 - INFO - Inserted chunk 14 for sales
2025-11-08 15:01:06,009 - INFO - Inserted chunk 15 for sales
2025-11-08 15:01:06,757 - INFO - Inserted chunk 16 for sales
2025-11-08 15:01:07,535 - INFO - Inserted chunk 17 for sales
2025-11-08 15:01:08,474 - INFO - Inserted chunk 18 for sales
2025-11-08 15:01:09,420 - INFO - Inserted chunk 19 for sales
2025-11-08 15:01:10,342 - INFO - Inserted chunk 20 for sales
2025-11-08 15:01:11,180 - INFO - Inserted chunk 21 for sales
2025-11-08 15:01:12,041 - INFO - Inserted chunk 22 for sales
2025-11-08 15:01:12,834 - INFO - Inserted chunk 23 for sales
2025-11-08 15:01:13,686 - INFO - Inserted chunk 24 for sales
2025-11-08 15:01:14,650 - INFO - Inserted chunk 25 for sales
2025-11-08 15:01:15,509 - INFO - Inserted chunk 26 for sales
2025-11-08 15:01:16,436 - INFO - Inserted chunk 27 for sales
2025-11-08 15:01:17,294 - INFO - Inserted chunk 28 for sales
2025-11-08 15:01:18,109 - INFO - Inserted chunk 29 for sales
2025-11-08 15:01:18,863 - INFO - Inserted chunk 30 for sales
2025-11-08 15:01:19,704 - INFO - Inserted chunk 31 for sales
2025-11-08 15:01:20,671 - INFO - Inserted chunk 32 for sales
2025-11-08 15:01:21,524 - INFO - Inserted chunk 33 for sales
2025-11-08 15:01:22,395 - INFO - Inserted chunk 34 for sales
2025-11-08 15:01:23,252 - INFO - Inserted chunk 35 for sales
2025-11-08 15:01:24,036 - INFO - Inserted chunk 36 for sales
2025-11-08 15:01:25,042 - INFO - Inserted chunk 37 for sales
2025-11-08 15:01:25,837 - INFO - Inserted chunk 38 for sales
2025-11-08 15:01:26,664 - INFO - Inserted chunk 39 for sales
2025-11-08 15:01:27,431 - INFO - Inserted chunk 40 for sales
2025-11-08 15:01:28,178 - INFO - Inserted chunk 41 for sales
2025-11-08 15:01:28,995 - INFO - Inserted chunk 42 for sales
2025-11-08 15:01:29,727 - INFO - Inserted chunk 43 for sales
2025-11-08 15:01:30,551 - INFO - Inserted chunk 44 for sales
2025-11-08 15:01:31,277 - INFO - Inserted chunk 45 for sales
2025-11-08 15:01:32,102 - INFO - Inserted chunk 46 for sales
2025-11-08 15:01:32,902 - INFO - Inserted chunk 47 for sales
2025-11-08 15:01:33,652 - INFO - Inserted chunk 48 for sales
2025-11-08 15:01:34,405 - INFO - Inserted chunk 49 for sales
2025-11-08 15:01:35,269 - INFO - Inserted chunk 50 for sales
2025-11-08 15:01:36,166 - INFO - Inserted chunk 51 for sales
2025-11-08 15:01:37,102 - INFO - Inserted chunk 52 for sales
2025-11-08 15:01:38,007 - INFO - Inserted chunk 53 for sales
2025-11-08 15:01:38,884 - INFO - Inserted chunk 54 for sales
2025-11-08 15:01:39,861 - INFO - Inserted chunk 55 for sales
2025-11-08 15:01:40,650 - INFO - Inserted chunk 56 for sales
2025-11-08 15:01:41,483 - INFO - Inserted chunk 57 for sales
2025-11-08 15:01:42,232 - INFO - Inserted chunk 58 for sales
2025-11-08 15:01:43,009 - INFO - Inserted chunk 59 for sales
2025-11-08 15:01:43,842 - INFO - Inserted chunk 60 for sales
2025-11-08 15:01:44,699 - INFO - Inserted chunk 61 for sales
2025-11-08 15:01:45,469 - INFO - Inserted chunk 62 for sales
2025-11-08 15:01:46,355 - INFO - Inserted chunk 63 for sales
2025-11-08 15:01:47,240 - INFO - Inserted chunk 64 for sales
2025-11-08 15:01:47,999 - INFO - Inserted chunk 65 for sales
2025-11-08 15:01:48,941 - INFO - Inserted chunk 66 for sales
2025-11-08 15:01:49,823 - INFO - Inserted chunk 67 for sales
2025-11-08 15:01:50,581 - INFO - Inserted chunk 68 for sales
2025-11-08 15:01:51,411 - INFO - Inserted chunk 69 for sales
2025-11-08 15:01:52,184 - INFO - Inserted chunk 70 for sales
2025-11-08 15:01:53,473 - INFO - Inserted chunk 71 for sales
2025-11-08 15:01:54,440 - INFO - Inserted chunk 72 for sales
2025-11-08 15:01:55,165 - INFO - Inserted chunk 73 for sales
2025-11-08 15:01:55,881 - INFO - Inserted chunk 74 for sales
2025-11-08 15:01:56,675 - INFO - Inserted chunk 75 for sales
2025-11-08 15:01:57,470 - INFO - Inserted chunk 76 for sales
2025-11-08 15:01:58,222 - INFO - Inserted chunk 77 for sales
2025-11-08 15:01:59,023 - INFO - Inserted chunk 78 for sales
2025-11-08 15:01:59,833 - INFO - Inserted chunk 79 for sales
2025-11-08 15:02:00,791 - INFO - Inserted chunk 80 for sales
2025-11-08 15:02:01,723 - INFO - Inserted chunk 81 for sales
2025-11-08 15:02:02,922 - INFO - Inserted chunk 82 for sales
2025-11-08 15:02:04,085 - INFO - Inserted chunk 83 for sales
2025-11-08 15:02:05,203 - INFO - Inserted chunk 84 for sales
2025-11-08 15:02:06,211 - INFO - Inserted chunk 85 for sales
2025-11-08 15:02:07,273 - INFO - Inserted chunk 86 for sales
2025-11-08 15:02:08,378 - INFO - Inserted chunk 87 for sales
2025-11-08 15:02:09,572 - INFO - Inserted chunk 88 for sales
2025-11-08 15:02:10,643 - INFO - Inserted chunk 89 for sales
2025-11-08 15:02:11,617 - INFO - Inserted chunk 90 for sales
2025-11-08 15:02:12,501 - INFO - Inserted chunk 91 for sales
2025-11-08 15:02:13,298 - INFO - Inserted chunk 92 for sales
2025-11-08 15:02:14,173 - INFO - Inserted chunk 93 for sales
2025-11-08 15:02:15,155 - INFO - Inserted chunk 94 for sales
2025-11-08 15:02:16,022 - INFO - Inserted chunk 95 for sales
2025-11-08 15:02:16,786 - INFO - Inserted chunk 96 for sales
2025-11-08 15:02:17,561 - INFO - Inserted chunk 97 for sales
2025-11-08 15:02:18,462 - INFO - Inserted chunk 98 for sales
2025-11-08 15:02:19,187 - INFO - Inserted chunk 99 for sales
2025-11-08 15:02:20,010 - INFO - Inserted chunk 100 for sales
2025-11-08 15:02:20,775 - INFO - Inserted chunk 101 for sales
2025-11-08 15:02:21,559 - INFO - Inserted chunk 102 for sales
2025-11-08 15:02:22,382 - INFO - Inserted chunk 103 for sales
2025-11-08 15:02:23,164 - INFO - Inserted chunk 104 for sales
2025-11-08 15:02:23,932 - INFO - Inserted chunk 105 for sales
2025-11-08 15:02:24,691 - INFO - Inserted chunk 106 for sales
2025-11-08 15:02:25,526 - INFO - Inserted chunk 107 for sales
2025-11-08 15:02:26,326 - INFO - Inserted chunk 108 for sales
2025-11-08 15:02:27,081 - INFO - Inserted chunk 109 for sales
2025-11-08 15:02:27,900 - INFO - Inserted chunk 110 for sales
2025-11-08 15:02:28,838 - INFO - Inserted chunk 111 for sales
2025-11-08 15:02:29,827 - INFO - Inserted chunk 112 for sales
2025-11-08 15:02:30,733 - INFO - Inserted chunk 113 for sales
2025-11-08 15:02:31,686 - INFO - Inserted chunk 114 for sales
2025-11-08 15:02:32,682 - INFO - Inserted chunk 115 for sales
2025-11-08 15:02:33,632 - INFO - Inserted chunk 116 for sales
2025-11-08 15:02:34,513 - INFO - Inserted chunk 117 for sales
2025-11-08 15:02:35,315 - INFO - Inserted chunk 118 for sales
2025-11-08 15:02:36,062 - INFO - Inserted chunk 119 for sales
2025-11-08 15:02:36,907 - INFO - Inserted chunk 120 for sales
2025-11-08 15:02:37,811 - INFO - Inserted chunk 121 for sales
2025-11-08 15:02:38,711 - INFO - Inserted chunk 122 for sales
2025-11-08 15:02:39,555 - INFO - Inserted chunk 123 for sales
2025-11-08 15:02:40,392 - INFO - Inserted chunk 124 for sales
2025-11-08 15:02:41,179 - INFO - Inserted chunk 125 for sales
2025-11-08 15:02:41,925 - INFO - Inserted chunk 126 for sales
2025-11-08 15:02:42,746 - INFO - Inserted chunk 127 for sales
2025-11-08 15:02:43,518 - INFO - Inserted chunk 128 for sales
2025-11-08 15:02:44,368 - INFO - Inserted chunk 129 for sales
2025-11-08 15:02:45,162 - INFO - Inserted chunk 130 for sales
2025-11-08 15:02:45,957 - INFO - Inserted chunk 131 for sales
2025-11-08 15:02:46,713 - INFO - Inserted chunk 132 for sales
2025-11-08 15:02:47,572 - INFO - Inserted chunk 133 for sales
2025-11-08 15:02:48,322 - INFO - Inserted chunk 134 for sales
2025-11-08 15:02:49,160 - INFO - Inserted chunk 135 for sales
2025-11-08 15:02:50,046 - INFO - Inserted chunk 136 for sales
2025-11-08 15:02:50,936 - INFO - Inserted chunk 137 for sales
2025-11-08 15:02:51,830 - INFO - Inserted chunk 138 for sales
2025-11-08 15:02:52,652 - INFO - Inserted chunk 139 for sales
2025-11-08 15:02:53,496 - INFO - Inserted chunk 140 for sales
2025-11-08 15:02:54,286 - INFO - Inserted chunk 141 for sales
2025-11-08 15:02:55,071 - INFO - Inserted chunk 142 for sales
2025-11-08 15:02:55,993 - INFO - Inserted chunk 143 for sales
2025-11-08 15:02:56,757 - INFO - Inserted chunk 144 for sales
2025-11-08 15:02:57,524 - INFO - Inserted chunk 145 for sales
2025-11-08 15:02:58,290 - INFO - Inserted chunk 146 for sales
2025-11-08 15:02:59,136 - INFO - Inserted chunk 147 for sales
2025-11-08 15:02:59,899 - INFO - Inserted chunk 148 for sales
2025-11-08 15:03:00,682 - INFO - Inserted chunk 149 for sales
2025-11-08 15:03:01,454 - INFO - Inserted chunk 150 for sales
2025-11-08 15:03:02,313 - INFO - Inserted chunk 151 for sales
2025-11-08 15:03:03,105 - INFO - Inserted chunk 152 for sales
2025-11-08 15:03:03,888 - INFO - Inserted chunk 153 for sales
2025-11-08 15:03:04,653 - INFO - Inserted chunk 154 for sales
2025-11-08 15:03:05,502 - INFO - Inserted chunk 155 for sales
2025-11-08 15:03:06,280 - INFO - Inserted chunk 156 for sales
2025-11-08 15:03:07,059 - INFO - Inserted chunk 157 for sales
2025-11-08 15:03:07,849 - INFO - Inserted chunk 158 for sales
2025-11-08 15:03:08,693 - INFO - Inserted chunk 159 for sales
2025-11-08 15:03:09,500 - INFO - Inserted chunk 160 for sales
2025-11-08 15:03:10,289 - INFO - Inserted chunk 161 for sales
2025-11-08 15:03:11,005 - INFO - Inserted chunk 162 for sales
2025-11-08 15:03:11,875 - INFO - Inserted chunk 163 for sales
2025-11-08 15:03:12,636 - INFO - Inserted chunk 164 for sales
2025-11-08 15:03:13,511 - INFO - Inserted chunk 165 for sales
2025-11-08 15:03:14,304 - INFO - Inserted chunk 166 for sales
2025-11-08 15:03:15,089 - INFO - Inserted chunk 167 for sales
2025-11-08 15:03:15,856 - INFO - Inserted chunk 168 for sales
2025-11-08 15:03:16,639 - INFO - Inserted chunk 169 for sales
2025-11-08 15:03:17,457 - INFO - Inserted chunk 170 for sales
2025-11-08 15:03:18,219 - INFO - Inserted chunk 171 for sales
2025-11-08 15:03:19,039 - INFO - Inserted chunk 172 for sales
2025-11-08 15:03:19,760 - INFO - Inserted chunk 173 for sales
2025-11-08 15:03:20,503 - INFO - Inserted chunk 174 for sales
2025-11-08 15:03:21,341 - INFO - Inserted chunk 175 for sales
2025-11-08 15:03:22,096 - INFO - Inserted chunk 176 for sales
2025-11-08 15:03:22,875 - INFO - Inserted chunk 177 for sales
2025-11-08 15:03:23,677 - INFO - Inserted chunk 178 for sales
2025-11-08 15:03:24,467 - INFO - Inserted chunk 179 for sales
2025-11-08 15:03:25,194 - INFO - Inserted chunk 180 for sales
2025-11-08 15:03:26,013 - INFO - Inserted chunk 181 for sales
2025-11-08 15:03:26,712 - INFO - Inserted chunk 182 for sales
2025-11-08 15:03:27,595 - INFO - Inserted chunk 183 for sales
2025-11-08 15:03:28,383 - INFO - Inserted chunk 184 for sales
2025-11-08 15:03:29,334 - INFO - Inserted chunk 185 for sales
2025-11-08 15:03:30,208 - INFO - Inserted chunk 186 for sales
2025-11-08 15:03:31,188 - INFO - Inserted chunk 187 for sales
2025-11-08 15:03:32,128 - INFO - Inserted chunk 188 for sales
2025-11-08 15:03:33,096 - INFO - Inserted chunk 189 for sales
2025-11-08 15:03:34,201 - INFO - Inserted chunk 190 for sales
2025-11-08 15:03:35,213 - INFO - Inserted chunk 191 for sales
2025-11-08 15:03:36,264 - INFO - Inserted chunk 192 for sales
2025-11-08 15:03:37,246 - INFO - Inserted chunk 193 for sales
2025-11-08 15:03:38,186 - INFO - Inserted chunk 194 for sales
2025-11-08 15:03:39,244 - INFO - Inserted chunk 195 for sales
2025-11-08 15:03:39,998 - INFO - Inserted chunk 196 for sales
2025-11-08 15:03:40,809 - INFO - Inserted chunk 197 for sales
2025-11-08 15:03:41,699 - INFO - Inserted chunk 198 for sales
2025-11-08 15:03:42,536 - INFO - Inserted chunk 199 for sales
2025-11-08 15:03:43,622 - INFO - Inserted chunk 200 for sales
2025-11-08 15:03:44,481 - INFO - Inserted chunk 201 for sales
2025-11-08 15:03:45,262 - INFO - Inserted chunk 202 for sales
2025-11-08 15:03:46,140 - INFO - Inserted chunk 203 for sales
2025-11-08 15:03:47,019 - INFO - Inserted chunk 204 for sales
2025-11-08 15:03:47,827 - INFO - Inserted chunk 205 for sales
2025-11-08 15:03:48,822 - INFO - Inserted chunk 206 for sales
2025-11-08 15:03:49,693 - INFO - Inserted chunk 207 for sales
2025-11-08 15:03:50,615 - INFO - Inserted chunk 208 for sales
2025-11-08 15:03:51,613 - INFO - Inserted chunk 209 for sales
2025-11-08 15:03:52,493 - INFO - Inserted chunk 210 for sales
2025-11-08 15:03:53,307 - INFO - Inserted chunk 211 for sales
2025-11-08 15:03:54,164 - INFO - Inserted chunk 212 for sales
2025-11-08 15:03:55,080 - INFO - Inserted chunk 213 for sales
2025-11-08 15:03:55,899 - INFO - Inserted chunk 214 for sales
2025-11-08 15:03:56,733 - INFO - Inserted chunk 215 for sales
2025-11-08 15:03:57,526 - INFO - Inserted chunk 216 for sales
2025-11-08 15:03:58,360 - INFO - Inserted chunk 217 for sales
2025-11-08 15:03:59,130 - INFO - Inserted chunk 218 for sales
2025-11-08 15:03:59,950 - INFO - Inserted chunk 219 for sales
2025-11-08 15:04:00,724 - INFO - Inserted chunk 220 for sales
2025-11-08 15:04:01,511 - INFO - Inserted chunk 221 for sales
2025-11-08 15:04:02,292 - INFO - Inserted chunk 222 for sales
2025-11-08 15:04:03,150 - INFO - Inserted chunk 223 for sales
2025-11-08 15:04:03,959 - INFO - Inserted chunk 224 for sales
2025-11-08 15:04:04,735 - INFO - Inserted chunk 225 for sales
2025-11-08 15:04:05,502 - INFO - Inserted chunk 226 for sales
2025-11-08 15:04:06,330 - INFO - Inserted chunk 227 for sales
2025-11-08 15:04:07,093 - INFO - Inserted chunk 228 for sales
2025-11-08 15:04:07,862 - INFO - Inserted chunk 229 for sales
2025-11-08 15:04:08,655 - INFO - Inserted chunk 230 for sales
2025-11-08 15:04:09,511 - INFO - Inserted chunk 231 for sales
2025-11-08 15:04:10,372 - INFO - Inserted chunk 232 for sales
2025-11-08 15:04:11,171 - INFO - Inserted chunk 233 for sales
2025-11-08 15:04:11,952 - INFO - Inserted chunk 234 for sales
2025-11-08 15:04:12,823 - INFO - Inserted chunk 235 for sales
2025-11-08 15:04:13,543 - INFO - Inserted chunk 236 for sales
2025-11-08 15:04:14,312 - INFO - Inserted chunk 237 for sales
2025-11-08 15:04:15,083 - INFO - Inserted chunk 238 for sales
2025-11-08 15:04:15,954 - INFO - Inserted chunk 239 for sales
2025-11-08 15:04:16,771 - INFO - Inserted chunk 240 for sales
2025-11-08 15:04:17,558 - INFO - Inserted chunk 241 for sales
2025-11-08 15:04:18,327 - INFO - Inserted chunk 242 for sales
2025-11-08 15:04:19,162 - INFO - Inserted chunk 243 for sales
2025-11-08 15:04:19,911 - INFO - Inserted chunk 244 for sales
2025-11-08 15:04:20,697 - INFO - Inserted chunk 245 for sales
2025-11-08 15:04:21,488 - INFO - Inserted chunk 246 for sales
2025-11-08 15:04:22,301 - INFO - Inserted chunk 247 for sales
2025-11-08 15:04:23,171 - INFO - Inserted chunk 248 for sales
2025-11-08 15:04:23,984 - INFO - Inserted chunk 249 for sales
2025-11-08 15:04:24,724 - INFO - Inserted chunk 250 for sales
2025-11-08 15:04:25,567 - INFO - Inserted chunk 251 for sales
2025-11-08 15:04:26,318 - INFO - Inserted chunk 252 for sales
2025-11-08 15:04:27,067 - INFO - Inserted chunk 253 for sales
2025-11-08 15:04:27,830 - INFO - Inserted chunk 254 for sales
2025-11-08 15:04:28,658 - INFO - Inserted chunk 255 for sales
2025-11-08 15:04:29,412 - INFO - Inserted chunk 256 for sales
2025-11-08 15:04:29,843 - INFO - Inserted chunk 257 for sales
2025-11-08 15:04:29,844 - INFO - Completed ingestion for data\sales.csv. Time taken: 3.61 minutes.
2025-11-08 15:04:29,845 - INFO - Ingesting vendor_invoice.csv into db
2025-11-08 15:04:29,928 - INFO - --------------Ingestion Complete--------------
2025-11-08 15:04:29,928 - INFO - Total Time Taken : 4.47 minutes
